{
  "stats": {
    "suites": 1,
    "tests": 2,
    "passes": 1,
    "pending": 0,
    "failures": 1,
    "start": "2022-01-13T23:55:22.020Z",
    "end": "2022-01-13T23:55:35.336Z",
    "duration": 13316,
    "testsRegistered": 2,
    "passPercent": 50,
    "pendingPercent": 0,
    "other": 0,
    "hasOther": false,
    "skipped": 0,
    "hasSkipped": false
  },
  "results": [
    {
      "uuid": "6abb05ad-ea4f-4cfc-9a63-90c76af3e3b0",
      "title": "",
      "fullFile": "cypress/integration/apitest.feature",
      "file": "cypress/integration/apitest.feature",
      "beforeHooks": [],
      "afterHooks": [],
      "tests": [],
      "suites": [
        {
          "uuid": "7c5832ae-4e8d-492d-a11c-f5083c0605d2",
          "title": "Hello Feature",
          "fullFile": "",
          "file": "",
          "beforeHooks": [],
          "afterHooks": [],
          "tests": [
            {
              "title": "scenario1",
              "fullTitle": "Hello Feature scenario1",
              "timedOut": null,
              "duration": 7714,
              "state": "failed",
              "speed": null,
              "pass": false,
              "fail": true,
              "pending": false,
              "context": null,
              "code": "const state = window.testState;\nreturn cy\n  .then(() => state.onStartScenario(scenario, indexedSteps))\n  .then(() =>\n    resolveAndRunBeforeHooks.call(this, scenario.tags, state.feature.name)\n  )\n  .then(() =>\n    indexedSteps.forEach((step) =>\n      stepTest.call(this, state, step, rowData)\n    )\n  )\n  .then(() => state.onFinishScenario(scenario));",
              "err": {
                "message": "AssertionError: Timed out retrying after 4000ms: Expected to find element: `.page-tite`, but never found it.",
                "estack": "AssertionError: Timed out retrying after 4000ms: Expected to find element: `.page-tite`, but never found it.\n    at Context.eval (https://codenboxautomationlab.com/__cypress/tests?p=cypress\\integration\\apitest.feature:51:6)\n    at Context.resolveAndRunStepDefinition (https://codenboxautomationlab.com/__cypress/tests?p=cypress\\integration\\apitest.feature:20366:29)\n    at Context.eval (https://codenboxautomationlab.com/__cypress/tests?p=cypress\\integration\\apitest.feature:19687:35)",
                "diff": null
              },
              "uuid": "b3f86ef1-b86e-4fc8-a989-4c5c74276138",
              "parentUUID": "7c5832ae-4e8d-492d-a11c-f5083c0605d2",
              "isHook": false,
              "skipped": false
            },
            {
              "title": "scenario2",
              "fullTitle": "Hello Feature scenario2",
              "timedOut": null,
              "duration": 2052,
              "state": "passed",
              "speed": "fast",
              "pass": true,
              "fail": false,
              "pending": false,
              "context": null,
              "code": "const state = window.testState;\nreturn cy\n  .then(() => state.onStartScenario(scenario, indexedSteps))\n  .then(() =>\n    resolveAndRunBeforeHooks.call(this, scenario.tags, state.feature.name)\n  )\n  .then(() =>\n    indexedSteps.forEach((step) =>\n      stepTest.call(this, state, step, rowData)\n    )\n  )\n  .then(() => state.onFinishScenario(scenario));",
              "err": {},
              "uuid": "8a5cc10f-1661-4c25-9a59-1deabbd5ee94",
              "parentUUID": "7c5832ae-4e8d-492d-a11c-f5083c0605d2",
              "isHook": false,
              "skipped": false
            }
          ],
          "suites": [],
          "passes": [
            "8a5cc10f-1661-4c25-9a59-1deabbd5ee94"
          ],
          "failures": [
            "b3f86ef1-b86e-4fc8-a989-4c5c74276138"
          ],
          "pending": [],
          "skipped": [],
          "duration": 9766,
          "root": false,
          "rootEmpty": false,
          "_timeout": 2000
        }
      ],
      "passes": [],
      "failures": [],
      "pending": [],
      "skipped": [],
      "duration": 0,
      "root": true,
      "rootEmpty": true,
      "_timeout": 2000
    }
  ],
  "meta": {
    "mocha": {
      "version": "7.0.1"
    },
    "mochawesome": {
      "options": {
        "quiet": false,
        "reportFilename": "report",
        "saveHtml": true,
        "saveJson": true,
        "consoleReporter": "spec",
        "useInlineDiffs": false,
        "code": true
      },
      "version": "7.0.1"
    },
    "marge": {
      "options": {
        "reportDir": "cypress/reports",
        "reportFilename": "report",
        "overwrite": true,
        "html": true,
        "json": true,
        "charts": true,
        "timestamp": "mmddyyyy_HHMMss"
      },
      "version": "6.0.1"
    }
  }
}