{
  "stats": {
    "suites": 1,
    "tests": 2,
    "passes": 1,
    "pending": 0,
    "failures": 1,
    "start": "2022-01-14T11:26:05.787Z",
    "end": "2022-01-14T11:26:15.864Z",
    "duration": 10077,
    "testsRegistered": 2,
    "passPercent": 50,
    "pendingPercent": 0,
    "other": 0,
    "hasOther": false,
    "skipped": 0,
    "hasSkipped": false
  },
  "results": [
    {
      "uuid": "b4f54153-23f9-4ff7-a161-3dd7cc97d15f",
      "title": "",
      "fullFile": "cypress/integration/apitest.feature",
      "file": "cypress/integration/apitest.feature",
      "beforeHooks": [],
      "afterHooks": [],
      "tests": [],
      "suites": [
        {
          "uuid": "d3e50b6a-3650-4a1a-83de-d7c41d243993",
          "title": "Hello Feature",
          "fullFile": "",
          "file": "",
          "beforeHooks": [],
          "afterHooks": [],
          "tests": [
            {
              "title": "scenario1",
              "fullTitle": "Hello Feature scenario1",
              "timedOut": null,
              "duration": 4323,
              "state": "passed",
              "speed": "fast",
              "pass": true,
              "fail": false,
              "pending": false,
              "context": null,
              "code": "const state = window.testState;\nreturn cy\n  .then(() => state.onStartScenario(scenario, indexedSteps))\n  .then(() =>\n    resolveAndRunBeforeHooks.call(this, scenario.tags, state.feature.name)\n  )\n  .then(() =>\n    indexedSteps.forEach((step) =>\n      stepTest.call(this, state, step, rowData)\n    )\n  )\n  .then(() => state.onFinishScenario(scenario));",
              "err": {},
              "uuid": "67073495-3c91-4ae6-bd78-ccae18e80953",
              "parentUUID": "d3e50b6a-3650-4a1a-83de-d7c41d243993",
              "isHook": false,
              "skipped": false
            },
            {
              "title": "scenario2",
              "fullTitle": "Hello Feature scenario2",
              "timedOut": null,
              "duration": 2390,
              "state": "failed",
              "speed": null,
              "pass": false,
              "fail": true,
              "pending": false,
              "context": null,
              "code": "const state = window.testState;\nreturn cy\n  .then(() => state.onStartScenario(scenario, indexedSteps))\n  .then(() =>\n    resolveAndRunBeforeHooks.call(this, scenario.tags, state.feature.name)\n  )\n  .then(() =>\n    indexedSteps.forEach((step) =>\n      stepTest.call(this, state, step, rowData)\n    )\n  )\n  .then(() => state.onFinishScenario(scenario));",
              "err": {
                "message": "CypressError: `cy.writeFile()` must be passed a non-empty string, an object, or an array as its 2nd argument. You passed: `undefined`.\n\nhttps://on.cypress.io/writefile",
                "estack": "CypressError: `cy.writeFile()` must be passed a non-empty string, an object, or an array as its 2nd argument. You passed: `undefined`.\n\nhttps://on.cypress.io/writefile\n    at Context.writeFile (https://codenboxautomationlab.com/__cypress/runner/cypress_runner.js:156636:78)\nFrom Your Spec Code:\n    at Context.eval (https://codenboxautomationlab.com/__cypress/tests?p=cypress\\integration\\apitest.feature:78:6)\n    at Context.resolveAndRunStepDefinition (https://codenboxautomationlab.com/__cypress/tests?p=cypress\\integration\\apitest.feature:20383:29)\n    at Context.eval (https://codenboxautomationlab.com/__cypress/tests?p=cypress\\integration\\apitest.feature:19704:35)",
                "diff": null
              },
              "uuid": "702379d5-d44f-4d72-a516-f446dd93bdec",
              "parentUUID": "d3e50b6a-3650-4a1a-83de-d7c41d243993",
              "isHook": false,
              "skipped": false
            }
          ],
          "suites": [],
          "passes": [
            "67073495-3c91-4ae6-bd78-ccae18e80953"
          ],
          "failures": [
            "702379d5-d44f-4d72-a516-f446dd93bdec"
          ],
          "pending": [],
          "skipped": [],
          "duration": 6713,
          "root": false,
          "rootEmpty": false,
          "_timeout": 2000
        }
      ],
      "passes": [],
      "failures": [],
      "pending": [],
      "skipped": [],
      "duration": 0,
      "root": true,
      "rootEmpty": true,
      "_timeout": 2000
    }
  ],
  "meta": {
    "mocha": {
      "version": "7.0.1"
    },
    "mochawesome": {
      "options": {
        "quiet": false,
        "reportFilename": "report",
        "saveHtml": true,
        "saveJson": true,
        "consoleReporter": "spec",
        "useInlineDiffs": false,
        "code": true
      },
      "version": "7.0.1"
    },
    "marge": {
      "options": {
        "reportDir": "cypress/reports",
        "reportFilename": "report",
        "overwrite": true,
        "html": true,
        "json": true,
        "charts": true,
        "timestamp": "mmddyyyy_HHMMss"
      },
      "version": "6.0.1"
    }
  }
}