{
  "stats": {
    "suites": 1,
    "tests": 2,
    "passes": 1,
    "pending": 0,
    "failures": 1,
    "start": "2022-01-11T17:34:54.345Z",
    "end": "2022-01-11T17:35:35.544Z",
    "duration": 41199,
    "testsRegistered": 2,
    "passPercent": 50,
    "pendingPercent": 0,
    "other": 0,
    "hasOther": false,
    "skipped": 0,
    "hasSkipped": false
  },
  "results": [
    {
      "uuid": "c1e8e479-b155-43f0-b160-f3fafefde907",
      "title": "",
      "fullFile": "cypress/integration/apitest.feature",
      "file": "cypress/integration/apitest.feature",
      "beforeHooks": [],
      "afterHooks": [],
      "tests": [],
      "suites": [
        {
          "uuid": "d764c78b-9337-460b-8871-b76622a7d49d",
          "title": "name",
          "fullFile": "",
          "file": "",
          "beforeHooks": [],
          "afterHooks": [],
          "tests": [
            {
              "title": "scenario1",
              "fullTitle": "name scenario1",
              "timedOut": null,
              "duration": 36354,
              "state": "failed",
              "speed": null,
              "pass": false,
              "fail": true,
              "pending": false,
              "context": null,
              "code": "const state = window.testState;\nreturn cy\n  .then(() => state.onStartScenario(scenario, indexedSteps))\n  .then(() =>\n    resolveAndRunBeforeHooks.call(this, scenario.tags, state.feature.name)\n  )\n  .then(() =>\n    indexedSteps.forEach((step) =>\n      stepTest.call(this, state, step, rowData)\n    )\n  )\n  .then(() => state.onFinishScenario(scenario));",
              "err": {
                "message": "CypressError: `cy.screenshot()` timed out waiting `30000ms` to complete.",
                "estack": "CypressError: `cy.screenshot()` timed out waiting `30000ms` to complete.\n    at https://codenboxautomationlab.com/__cypress/runner/cypress_runner.js:159685:81\n    at tryCatcher (https://codenboxautomationlab.com/__cypress/runner/cypress_runner.js:13196:23)\n    at https://codenboxautomationlab.com/__cypress/runner/cypress_runner.js:8318:41\n    at tryCatcher (https://codenboxautomationlab.com/__cypress/runner/cypress_runner.js:13196:23)\n    at Promise._settlePromiseFromHandler (https://codenboxautomationlab.com/__cypress/runner/cypress_runner.js:11131:31)\n    at Promise._settlePromise (https://codenboxautomationlab.com/__cypress/runner/cypress_runner.js:11188:18)\n    at Promise._settlePromise0 (https://codenboxautomationlab.com/__cypress/runner/cypress_runner.js:11233:10)\n    at Promise._settlePromises (https://codenboxautomationlab.com/__cypress/runner/cypress_runner.js:11309:18)\n    at _drainQueueStep (https://codenboxautomationlab.com/__cypress/runner/cypress_runner.js:7903:12)\n    at _drainQueue (https://codenboxautomationlab.com/__cypress/runner/cypress_runner.js:7896:9)\n    at Async.../../node_modules/bluebird/js/release/async.js.Async._drainQueues (https://codenboxautomationlab.com/__cypress/runner/cypress_runner.js:7912:5)\n    at Async.drainQueues (https://codenboxautomationlab.com/__cypress/runner/cypress_runner.js:7782:14)",
                "diff": null
              },
              "uuid": "56cb86b6-73b6-4039-a92c-554236884093",
              "parentUUID": "d764c78b-9337-460b-8871-b76622a7d49d",
              "isHook": false,
              "skipped": false
            },
            {
              "title": "scenario2",
              "fullTitle": "name scenario2",
              "timedOut": null,
              "duration": 2236,
              "state": "passed",
              "speed": "fast",
              "pass": true,
              "fail": false,
              "pending": false,
              "context": null,
              "code": "const state = window.testState;\nreturn cy\n  .then(() => state.onStartScenario(scenario, indexedSteps))\n  .then(() =>\n    resolveAndRunBeforeHooks.call(this, scenario.tags, state.feature.name)\n  )\n  .then(() =>\n    indexedSteps.forEach((step) =>\n      stepTest.call(this, state, step, rowData)\n    )\n  )\n  .then(() => state.onFinishScenario(scenario));",
              "err": {},
              "uuid": "6d1aca97-097b-466f-97b3-008b595cad33",
              "parentUUID": "d764c78b-9337-460b-8871-b76622a7d49d",
              "isHook": false,
              "skipped": false
            }
          ],
          "suites": [],
          "passes": [
            "6d1aca97-097b-466f-97b3-008b595cad33"
          ],
          "failures": [
            "56cb86b6-73b6-4039-a92c-554236884093"
          ],
          "pending": [],
          "skipped": [],
          "duration": 38590,
          "root": false,
          "rootEmpty": false,
          "_timeout": 2000
        }
      ],
      "passes": [],
      "failures": [],
      "pending": [],
      "skipped": [],
      "duration": 0,
      "root": true,
      "rootEmpty": true,
      "_timeout": 2000
    }
  ],
  "meta": {
    "mocha": {
      "version": "7.0.1"
    },
    "mochawesome": {
      "options": {
        "quiet": false,
        "reportFilename": "report",
        "saveHtml": true,
        "saveJson": true,
        "consoleReporter": "spec",
        "useInlineDiffs": false,
        "code": true
      },
      "version": "7.0.1"
    },
    "marge": {
      "options": {
        "reportDir": "cypress/reports",
        "reportFilename": "report",
        "overwrite": false,
        "html": true,
        "json": true,
        "charts": true
      },
      "version": "6.0.1"
    }
  }
}