{
  "stats": {
    "suites": 1,
    "tests": 2,
    "passes": 1,
    "pending": 0,
    "failures": 1,
    "start": "2022-01-13T23:08:15.613Z",
    "end": "2022-01-13T23:08:35.025Z",
    "duration": 19412,
    "testsRegistered": 2,
    "passPercent": 50,
    "pendingPercent": 0,
    "other": 0,
    "hasOther": false,
    "skipped": 0,
    "hasSkipped": false
  },
  "results": [
    {
      "uuid": "4b5f6af4-7c59-4f87-ac35-8501279e7a92",
      "title": "",
      "fullFile": "cypress/integration/apitest.feature",
      "file": "cypress/integration/apitest.feature",
      "beforeHooks": [],
      "afterHooks": [],
      "tests": [],
      "suites": [
        {
          "uuid": "42d8e400-1438-40c3-bb03-c81cb0407474",
          "title": "Hello Feature",
          "fullFile": "",
          "file": "",
          "beforeHooks": [],
          "afterHooks": [],
          "tests": [
            {
              "title": "scenario1",
              "fullTitle": "Hello Feature scenario1",
              "timedOut": null,
              "duration": 11060,
              "state": "failed",
              "speed": null,
              "pass": false,
              "fail": true,
              "pending": false,
              "context": null,
              "code": "const state = window.testState;\nreturn cy\n  .then(() => state.onStartScenario(scenario, indexedSteps))\n  .then(() =>\n    resolveAndRunBeforeHooks.call(this, scenario.tags, state.feature.name)\n  )\n  .then(() =>\n    indexedSteps.forEach((step) =>\n      stepTest.call(this, state, step, rowData)\n    )\n  )\n  .then(() => state.onFinishScenario(scenario));",
              "err": {
                "message": "AssertionError: Timed out retrying after 4000ms: Expected to find element: `.page-tite`, but never found it.",
                "estack": "AssertionError: Timed out retrying after 4000ms: Expected to find element: `.page-tite`, but never found it.\n    at Context.eval (https://codenboxautomationlab.com/__cypress/tests?p=cypress\\integration\\apitest.feature:51:6)\n    at Context.resolveAndRunStepDefinition (https://codenboxautomationlab.com/__cypress/tests?p=cypress\\integration\\apitest.feature:20366:29)\n    at Context.eval (https://codenboxautomationlab.com/__cypress/tests?p=cypress\\integration\\apitest.feature:19687:35)",
                "diff": null
              },
              "uuid": "a7b7493c-e22a-4667-aff8-d09603d8a7e8",
              "parentUUID": "42d8e400-1438-40c3-bb03-c81cb0407474",
              "isHook": false,
              "skipped": false
            },
            {
              "title": "scenario2",
              "fullTitle": "Hello Feature scenario2",
              "timedOut": null,
              "duration": 2752,
              "state": "passed",
              "speed": "fast",
              "pass": true,
              "fail": false,
              "pending": false,
              "context": null,
              "code": "const state = window.testState;\nreturn cy\n  .then(() => state.onStartScenario(scenario, indexedSteps))\n  .then(() =>\n    resolveAndRunBeforeHooks.call(this, scenario.tags, state.feature.name)\n  )\n  .then(() =>\n    indexedSteps.forEach((step) =>\n      stepTest.call(this, state, step, rowData)\n    )\n  )\n  .then(() => state.onFinishScenario(scenario));",
              "err": {},
              "uuid": "3db34b39-1acd-4e0b-bd3c-cbaf7fa3cddd",
              "parentUUID": "42d8e400-1438-40c3-bb03-c81cb0407474",
              "isHook": false,
              "skipped": false
            }
          ],
          "suites": [],
          "passes": [
            "3db34b39-1acd-4e0b-bd3c-cbaf7fa3cddd"
          ],
          "failures": [
            "a7b7493c-e22a-4667-aff8-d09603d8a7e8"
          ],
          "pending": [],
          "skipped": [],
          "duration": 13812,
          "root": false,
          "rootEmpty": false,
          "_timeout": 2000
        }
      ],
      "passes": [],
      "failures": [],
      "pending": [],
      "skipped": [],
      "duration": 0,
      "root": true,
      "rootEmpty": true,
      "_timeout": 2000
    }
  ],
  "meta": {
    "mocha": {
      "version": "7.0.1"
    },
    "mochawesome": {
      "options": {
        "quiet": false,
        "reportFilename": "report",
        "saveHtml": true,
        "saveJson": true,
        "consoleReporter": "spec",
        "useInlineDiffs": false,
        "code": true
      },
      "version": "7.0.1"
    },
    "marge": {
      "options": {
        "reportDir": "cypress/reports",
        "reportFilename": "report",
        "overwrite": true,
        "html": true,
        "json": true,
        "charts": true,
        "timestamp": "mmddyyyy_HHMMss"
      },
      "version": "6.0.1"
    }
  }
}