{
  "stats": {
    "suites": 1,
    "tests": 2,
    "passes": 1,
    "pending": 0,
    "failures": 1,
    "start": "2022-01-13T23:11:46.396Z",
    "end": "2022-01-13T23:12:33.795Z",
    "duration": 47399,
    "testsRegistered": 2,
    "passPercent": 50,
    "pendingPercent": 0,
    "other": 0,
    "hasOther": false,
    "skipped": 0,
    "hasSkipped": false
  },
  "results": [
    {
      "uuid": "37abedf4-db22-4680-884f-8c7cfdd63260",
      "title": "",
      "fullFile": "cypress/integration/apitest.feature",
      "file": "cypress/integration/apitest.feature",
      "beforeHooks": [],
      "afterHooks": [],
      "tests": [],
      "suites": [
        {
          "uuid": "96828a4f-bc82-4363-8eb3-883217bd9e61",
          "title": "Hello Feature",
          "fullFile": "",
          "file": "",
          "beforeHooks": [],
          "afterHooks": [],
          "tests": [
            {
              "title": "scenario1",
              "fullTitle": "Hello Feature scenario1",
              "timedOut": null,
              "duration": 38597,
              "state": "failed",
              "speed": null,
              "pass": false,
              "fail": true,
              "pending": false,
              "context": null,
              "code": "const state = window.testState;\nreturn cy\n  .then(() => state.onStartScenario(scenario, indexedSteps))\n  .then(() =>\n    resolveAndRunBeforeHooks.call(this, scenario.tags, state.feature.name)\n  )\n  .then(() =>\n    indexedSteps.forEach((step) =>\n      stepTest.call(this, state, step, rowData)\n    )\n  )\n  .then(() => state.onFinishScenario(scenario));",
              "err": {
                "message": "CypressError: `cy.screenshot()` timed out waiting `30000ms` to complete.",
                "estack": "CypressError: `cy.screenshot()` timed out waiting `30000ms` to complete.\n    at https://codenboxautomationlab.com/__cypress/runner/cypress_runner.js:159685:81\n    at tryCatcher (https://codenboxautomationlab.com/__cypress/runner/cypress_runner.js:13196:23)\n    at https://codenboxautomationlab.com/__cypress/runner/cypress_runner.js:8318:41\n    at tryCatcher (https://codenboxautomationlab.com/__cypress/runner/cypress_runner.js:13196:23)\n    at Promise._settlePromiseFromHandler (https://codenboxautomationlab.com/__cypress/runner/cypress_runner.js:11131:31)\n    at Promise._settlePromise (https://codenboxautomationlab.com/__cypress/runner/cypress_runner.js:11188:18)\n    at Promise._settlePromise0 (https://codenboxautomationlab.com/__cypress/runner/cypress_runner.js:11233:10)\n    at Promise._settlePromises (https://codenboxautomationlab.com/__cypress/runner/cypress_runner.js:11309:18)\n    at _drainQueueStep (https://codenboxautomationlab.com/__cypress/runner/cypress_runner.js:7903:12)\n    at _drainQueue (https://codenboxautomationlab.com/__cypress/runner/cypress_runner.js:7896:9)\n    at Async.../../node_modules/bluebird/js/release/async.js.Async._drainQueues (https://codenboxautomationlab.com/__cypress/runner/cypress_runner.js:7912:5)\n    at Async.drainQueues (https://codenboxautomationlab.com/__cypress/runner/cypress_runner.js:7782:14)",
                "diff": null
              },
              "uuid": "dc1a96e3-c8cf-4ba3-83cf-25b7b8f0494c",
              "parentUUID": "96828a4f-bc82-4363-8eb3-883217bd9e61",
              "isHook": false,
              "skipped": false
            },
            {
              "title": "scenario2",
              "fullTitle": "Hello Feature scenario2",
              "timedOut": null,
              "duration": 3279,
              "state": "passed",
              "speed": "fast",
              "pass": true,
              "fail": false,
              "pending": false,
              "context": null,
              "code": "const state = window.testState;\nreturn cy\n  .then(() => state.onStartScenario(scenario, indexedSteps))\n  .then(() =>\n    resolveAndRunBeforeHooks.call(this, scenario.tags, state.feature.name)\n  )\n  .then(() =>\n    indexedSteps.forEach((step) =>\n      stepTest.call(this, state, step, rowData)\n    )\n  )\n  .then(() => state.onFinishScenario(scenario));",
              "err": {},
              "uuid": "b4998756-a89f-499b-900c-669ce4b48bb3",
              "parentUUID": "96828a4f-bc82-4363-8eb3-883217bd9e61",
              "isHook": false,
              "skipped": false
            }
          ],
          "suites": [],
          "passes": [
            "b4998756-a89f-499b-900c-669ce4b48bb3"
          ],
          "failures": [
            "dc1a96e3-c8cf-4ba3-83cf-25b7b8f0494c"
          ],
          "pending": [],
          "skipped": [],
          "duration": 41876,
          "root": false,
          "rootEmpty": false,
          "_timeout": 2000
        }
      ],
      "passes": [],
      "failures": [],
      "pending": [],
      "skipped": [],
      "duration": 0,
      "root": true,
      "rootEmpty": true,
      "_timeout": 2000
    }
  ],
  "meta": {
    "mocha": {
      "version": "7.0.1"
    },
    "mochawesome": {
      "options": {
        "quiet": false,
        "reportFilename": "report",
        "saveHtml": true,
        "saveJson": true,
        "consoleReporter": "spec",
        "useInlineDiffs": false,
        "code": true
      },
      "version": "7.0.1"
    },
    "marge": {
      "options": {
        "reportDir": "cypress/reports",
        "reportFilename": "report",
        "overwrite": true,
        "html": true,
        "json": true,
        "charts": true,
        "timestamp": "mmddyyyy_HHMMss"
      },
      "version": "6.0.1"
    }
  }
}