{
  "stats": {
    "suites": 1,
    "tests": 2,
    "passes": 1,
    "pending": 0,
    "failures": 1,
    "start": "2022-01-14T11:24:22.079Z",
    "end": "2022-01-14T11:24:32.317Z",
    "duration": 10238,
    "testsRegistered": 2,
    "passPercent": 50,
    "pendingPercent": 0,
    "other": 0,
    "hasOther": false,
    "skipped": 0,
    "hasSkipped": false
  },
  "results": [
    {
      "uuid": "af8a9022-ab23-48be-8c1c-aa2f0365ee2e",
      "title": "",
      "fullFile": "cypress/integration/apitest.feature",
      "file": "cypress/integration/apitest.feature",
      "beforeHooks": [],
      "afterHooks": [],
      "tests": [],
      "suites": [
        {
          "uuid": "73881740-2581-4366-8d33-266bc5288994",
          "title": "Hello Feature",
          "fullFile": "",
          "file": "",
          "beforeHooks": [],
          "afterHooks": [],
          "tests": [
            {
              "title": "scenario1",
              "fullTitle": "Hello Feature scenario1",
              "timedOut": null,
              "duration": 4261,
              "state": "passed",
              "speed": "fast",
              "pass": true,
              "fail": false,
              "pending": false,
              "context": null,
              "code": "const state = window.testState;\nreturn cy\n  .then(() => state.onStartScenario(scenario, indexedSteps))\n  .then(() =>\n    resolveAndRunBeforeHooks.call(this, scenario.tags, state.feature.name)\n  )\n  .then(() =>\n    indexedSteps.forEach((step) =>\n      stepTest.call(this, state, step, rowData)\n    )\n  )\n  .then(() => state.onFinishScenario(scenario));",
              "err": {},
              "uuid": "7b2466a7-fc7e-4526-986b-39451d41402e",
              "parentUUID": "73881740-2581-4366-8d33-266bc5288994",
              "isHook": false,
              "skipped": false
            },
            {
              "title": "scenario2",
              "fullTitle": "Hello Feature scenario2",
              "timedOut": null,
              "duration": 2262,
              "state": "failed",
              "speed": null,
              "pass": false,
              "fail": true,
              "pending": false,
              "context": null,
              "code": "const state = window.testState;\nreturn cy\n  .then(() => state.onStartScenario(scenario, indexedSteps))\n  .then(() =>\n    resolveAndRunBeforeHooks.call(this, scenario.tags, state.feature.name)\n  )\n  .then(() =>\n    indexedSteps.forEach((step) =>\n      stepTest.call(this, state, step, rowData)\n    )\n  )\n  .then(() => state.onFinishScenario(scenario));",
              "err": {
                "message": "CypressError: `cy.writeFile()` must be passed a non-empty string, an object, or an array as its 2nd argument. You passed: `undefined`.\n\nhttps://on.cypress.io/writefile",
                "estack": "CypressError: `cy.writeFile()` must be passed a non-empty string, an object, or an array as its 2nd argument. You passed: `undefined`.\n\nhttps://on.cypress.io/writefile\n    at Context.writeFile (https://codenboxautomationlab.com/__cypress/runner/cypress_runner.js:156636:78)\nFrom Your Spec Code:\n    at Context.eval (https://codenboxautomationlab.com/__cypress/tests?p=cypress\\integration\\apitest.feature:78:6)\n    at Context.resolveAndRunStepDefinition (https://codenboxautomationlab.com/__cypress/tests?p=cypress\\integration\\apitest.feature:20383:29)\n    at Context.eval (https://codenboxautomationlab.com/__cypress/tests?p=cypress\\integration\\apitest.feature:19704:35)",
                "diff": null
              },
              "uuid": "d4dc741a-68c7-429f-950c-e1bc458b941b",
              "parentUUID": "73881740-2581-4366-8d33-266bc5288994",
              "isHook": false,
              "skipped": false
            }
          ],
          "suites": [],
          "passes": [
            "7b2466a7-fc7e-4526-986b-39451d41402e"
          ],
          "failures": [
            "d4dc741a-68c7-429f-950c-e1bc458b941b"
          ],
          "pending": [],
          "skipped": [],
          "duration": 6523,
          "root": false,
          "rootEmpty": false,
          "_timeout": 2000
        }
      ],
      "passes": [],
      "failures": [],
      "pending": [],
      "skipped": [],
      "duration": 0,
      "root": true,
      "rootEmpty": true,
      "_timeout": 2000
    }
  ],
  "meta": {
    "mocha": {
      "version": "7.0.1"
    },
    "mochawesome": {
      "options": {
        "quiet": false,
        "reportFilename": "report",
        "saveHtml": true,
        "saveJson": true,
        "consoleReporter": "spec",
        "useInlineDiffs": false,
        "code": true
      },
      "version": "7.0.1"
    },
    "marge": {
      "options": {
        "reportDir": "cypress/reports",
        "reportFilename": "report",
        "overwrite": true,
        "html": true,
        "json": true,
        "charts": true,
        "timestamp": "mmddyyyy_HHMMss"
      },
      "version": "6.0.1"
    }
  }
}