{
  "stats": {
    "suites": 0,
    "tests": 1,
    "passes": 0,
    "pending": 0,
    "failures": 1,
    "start": "2022-01-17T11:12:19.378Z",
    "end": "2022-01-17T11:12:19.507Z",
    "duration": 129,
    "testsRegistered": 1,
    "passPercent": 0,
    "pendingPercent": 0,
    "other": 0,
    "hasOther": false,
    "skipped": 0,
    "hasSkipped": false
  },
  "results": [
    {
      "uuid": "97487317-aee6-446a-a6bd-469a7ef430e3",
      "title": "",
      "fullFile": "cypress/integration/apitest.feature",
      "file": "cypress/integration/apitest.feature",
      "beforeHooks": [],
      "afterHooks": [],
      "tests": [
        {
          "title": "An uncaught error was detected outside of a test",
          "fullTitle": "An uncaught error was detected outside of a test",
          "timedOut": null,
          "duration": 42,
          "state": "failed",
          "speed": null,
          "pass": false,
          "fail": true,
          "pending": false,
          "context": null,
          "code": "throw err;",
          "err": {
            "message": "TypeError: The following error originated from your test code, not from Cypress.\n\n  > _HomePage.HomePage is not a constructor\n\nWhen Cypress detects uncaught errors originating from your test code it will automatically fail the current test.\n\nCypress could not associate this error to any specific test.\n\nWe dynamically generated a new test to display this failure.",
            "estack": "TypeError: The following error originated from your test code, not from Cypress.\n\n  > _HomePage.HomePage is not a constructor\n\nWhen Cypress detects uncaught errors originating from your test code it will automatically fail the current test.\n\nCypress could not associate this error to any specific test.\n\nWe dynamically generated a new test to display this failure.\n    at Object.2.../pages/HomePage.js (http://localhost:59900/__cypress/tests?p=cypress\\integration\\apitest.feature:50:17)\n    at o (http://localhost:59900/__cypress/tests?p=cypress\\integration\\apitest.feature:1:265)\n    at eval (http://localhost:59900/__cypress/tests?p=cypress\\integration\\apitest.feature:1:316)\n    at Suite.eval (http://localhost:59900/__cypress/tests?p=cypress\\integration\\apitest.feature:30:5)\n    at Object.1.P:/Workspace/Kollacypress/cypress/integration/apitest/abcapi.js (http://localhost:59900/__cypress/tests?p=cypress\\integration\\apitest.feature:29:3)\n    at o (http://localhost:59900/__cypress/tests?p=cypress\\integration\\apitest.feature:1:265)\n    at r (http://localhost:59900/__cypress/tests?p=cypress\\integration\\apitest.feature:1:431)\n    at eval (http://localhost:59900/__cypress/tests?p=cypress\\integration\\apitest.feature:1:460)\n    at eval (<anonymous>)",
            "diff": null
          },
          "uuid": "4df8b8a9-5477-44ca-9508-f8e0e1c9ad11",
          "parentUUID": "97487317-aee6-446a-a6bd-469a7ef430e3",
          "isHook": false,
          "skipped": false
        }
      ],
      "suites": [],
      "passes": [],
      "failures": [
        "4df8b8a9-5477-44ca-9508-f8e0e1c9ad11"
      ],
      "pending": [],
      "skipped": [],
      "duration": 42,
      "root": true,
      "rootEmpty": false,
      "_timeout": 2000
    }
  ],
  "meta": {
    "mocha": {
      "version": "7.0.1"
    },
    "mochawesome": {
      "options": {
        "quiet": false,
        "reportFilename": "report",
        "saveHtml": true,
        "saveJson": true,
        "consoleReporter": "spec",
        "useInlineDiffs": false,
        "code": true
      },
      "version": "7.0.1"
    },
    "marge": {
      "options": {
        "reportDir": "cypress/reports",
        "reportFilename": "report",
        "overwrite": true,
        "html": true,
        "json": true,
        "charts": true,
        "timestamp": "mmddyyyy_HHMMss"
      },
      "version": "6.0.1"
    }
  }
}